<?xml version="1.0" encoding="UTF-8"?>
<testng-results skipped="0" failed="0" ignored="0" total="1" passed="1">
  <reporter-output>
  </reporter-output>
  <suite name="Default suite" duration-ms="13942" started-at="2021-04-08T07:48:51 IST" finished-at="2021-04-08T07:49:05 IST">
    <groups>
    </groups>
    <test name="Default test" duration-ms="13942" started-at="2021-04-08T07:48:51 IST" finished-at="2021-04-08T07:49:05 IST">
      <class name="LoginTest">
        <test-method status="PASS" signature="doLogin()[pri:0, instance:LoginTest@27a5f880]" name="doLogin" duration-ms="13871" started-at="2021-04-08T07:48:51 IST" finished-at="2021-04-08T07:49:05 IST">
          <reporter-output>
          </reporter-output>
        </test-method> <!-- doLogin -->
      </class> <!-- LoginTest -->
    </test> <!-- Default test -->
  </suite> <!-- Default suite -->
</testng-results>
